[0.012s] Invoking command in '/home/uuv/Development/rov-ros2/ws_desktop_qt/build/desktop_qt': CMAKE_PREFIX_PATH=/home/uuv/Development/rov-ros2/ws_desktop_qt/install/px4_msgs:/home/uuv/Development/rov-ros2/ws_desktop_qt/install/px4_ros_com:/home/uuv/Development/rov-ros2/ws_desktop_qt/install/qt-uic-py:/opt/ros/humble LD_LIBRARY_PATH=/home/uuv/Development/rov-ros2/ws_desktop_qt/install/px4_msgs/lib:/home/uuv/Development/rov-ros2/ws_desktop_qt/install/px4_ros_com/lib:/opt/ros/humble/opt/rviz_ogre_vendor/lib:/opt/ros/humble/lib/x86_64-linux-gnu:/opt/ros/humble/lib:/snap/qtcreator-ros/116/lib:/snap/qtcreator-ros/116/usr/lib/x86_64-linux-gnu /usr/bin/cmake --build /home/uuv/Development/rov-ros2/ws_desktop_qt/build/desktop_qt -- -j8 -l8
[0.077s] [ 20%] Automatic MOC and UIC for target qt_c_node
[0.104s] [ 20%] Built target qt_c_node_autogen
[0.123s] Consolidate compiler generated dependencies of target qt_c_node
[0.140s] [ 40%] Building CXX object CMakeFiles/qt_c_node.dir/src/main.cpp.o
[2.683s] /home/uuv/Development/rov-ros2/ws_desktop_qt/src/desktop_qt/src/main.cpp: In function ‘int main(int, char**)’:
[2.683s] /home/uuv/Development/rov-ros2/ws_desktop_qt/src/desktop_qt/src/main.cpp:58:12: error: ‘result’ was not declared in this scope
[2.683s]    58 |     return result;
[2.683s]       |            ^~~~~~
[3.384s] gmake[2]: *** [CMakeFiles/qt_c_node.dir/build.make:90: CMakeFiles/qt_c_node.dir/src/main.cpp.o] Error 1
[3.384s] gmake[1]: *** [CMakeFiles/Makefile2:138: CMakeFiles/qt_c_node.dir/all] Error 2
[3.384s] gmake: *** [Makefile:146: all] Error 2
[3.387s] Invoked command in '/home/uuv/Development/rov-ros2/ws_desktop_qt/build/desktop_qt' returned '2': CMAKE_PREFIX_PATH=/home/uuv/Development/rov-ros2/ws_desktop_qt/install/px4_msgs:/home/uuv/Development/rov-ros2/ws_desktop_qt/install/px4_ros_com:/home/uuv/Development/rov-ros2/ws_desktop_qt/install/qt-uic-py:/opt/ros/humble LD_LIBRARY_PATH=/home/uuv/Development/rov-ros2/ws_desktop_qt/install/px4_msgs/lib:/home/uuv/Development/rov-ros2/ws_desktop_qt/install/px4_ros_com/lib:/opt/ros/humble/opt/rviz_ogre_vendor/lib:/opt/ros/humble/lib/x86_64-linux-gnu:/opt/ros/humble/lib:/snap/qtcreator-ros/116/lib:/snap/qtcreator-ros/116/usr/lib/x86_64-linux-gnu /usr/bin/cmake --build /home/uuv/Development/rov-ros2/ws_desktop_qt/build/desktop_qt -- -j8 -l8
