/home/uuv/Development/rov-ros2/ws_desktop_qt/src/desktop_qt/src/main.cpp: In function ‘int main(int, char**)’:
/home/uuv/Development/rov-ros2/ws_desktop_qt/src/desktop_qt/src/main.cpp:43:5: error: ‘QApplication’ was not declared in this scope
   43 |     QApplication a(argc, argv);
      |     ^~~~~~~~~~~~
/home/uuv/Development/rov-ros2/ws_desktop_qt/src/desktop_qt/src/main.cpp:54:18: error: ‘a’ was not declared in this scope
   54 |     int result = a.exec();
      |                  ^
gmake[2]: *** [CMakeFiles/qt_c_node.dir/build.make:90: CMakeFiles/qt_c_node.dir/src/main.cpp.o] Error 1
gmake[1]: *** [CMakeFiles/Makefile2:138: CMakeFiles/qt_c_node.dir/all] Error 2
gmake: *** [Makefile:146: all] Error 2
