[0.013s] Invoking command in '/home/uuv/Development/rov-ros2/ws_desktop_qt/build/desktop_qt': CMAKE_PREFIX_PATH=/home/uuv/Development/rov-ros2/ws_desktop_qt/install/px4_msgs:/home/uuv/Development/rov-ros2/ws_desktop_qt/install/px4_ros_com:/home/uuv/Development/rov-ros2/ws_desktop_qt/install/qt-uic-py:/opt/ros/humble LD_LIBRARY_PATH=/home/uuv/Development/rov-ros2/ws_desktop_qt/install/px4_msgs/lib:/home/uuv/Development/rov-ros2/ws_desktop_qt/install/px4_ros_com/lib:/opt/ros/humble/opt/rviz_ogre_vendor/lib:/opt/ros/humble/lib/x86_64-linux-gnu:/opt/ros/humble/lib:/snap/qtcreator-ros/116/lib:/snap/qtcreator-ros/116/usr/lib/x86_64-linux-gnu /usr/bin/cmake --build /home/uuv/Development/rov-ros2/ws_desktop_qt/build/desktop_qt -- -j8 -l8
[0.078s] [ 20%] Automatic MOC and UIC for target qt_c_node
[0.111s] [ 20%] Built target qt_c_node_autogen
[0.136s] Consolidate compiler generated dependencies of target qt_c_node
[0.150s] [ 40%] Building CXX object CMakeFiles/qt_c_node.dir/src/main.cpp.o
[0.153s] [ 60%] Building CXX object CMakeFiles/qt_c_node.dir/src/ros_joy.cpp.o
[0.161s] /home/uuv/Development/rov-ros2/ws_desktop_qt/src/desktop_qt/src/main.cpp:1:10: fatal error: mainwindow.h: No such file or directory
[0.161s]     1 | #include "mainwindow.h"
[0.161s]       |          ^~~~~~~~~~~~~~
[0.161s] compilation terminated.
[0.161s] gmake[2]: *** [CMakeFiles/qt_c_node.dir/build.make:90: CMakeFiles/qt_c_node.dir/src/main.cpp.o] Error 1
[0.161s] gmake[2]: *** Waiting for unfinished jobs....
[2.815s] /home/uuv/Development/rov-ros2/ws_desktop_qt/src/desktop_qt/src/ros_joy.cpp: In member function ‘void joy_ctrl::ActuatorMotors_callback(px4_msgs::msg::ActuatorMotors_<std::allocator<void> >::SharedPtr)’:
[2.815s] /home/uuv/Development/rov-ros2/ws_desktop_qt/src/desktop_qt/src/ros_joy.cpp:79:87: warning: unused parameter ‘msg’ [-Wunused-parameter]
[2.815s]    79 | void joy_ctrl::ActuatorMotors_callback(const px4_msgs::msg::ActuatorMotors::SharedPtr msg)
[2.815s]       |                                        ~~~~~~~~~~~~~~~~~~~~~~~~~~~~~~~~~~~~~~~~~~~~~~~^~~
[13.774s] gmake[1]: *** [CMakeFiles/Makefile2:138: CMakeFiles/qt_c_node.dir/all] Error 2
[13.774s] gmake: *** [Makefile:146: all] Error 2
[13.776s] Invoked command in '/home/uuv/Development/rov-ros2/ws_desktop_qt/build/desktop_qt' returned '2': CMAKE_PREFIX_PATH=/home/uuv/Development/rov-ros2/ws_desktop_qt/install/px4_msgs:/home/uuv/Development/rov-ros2/ws_desktop_qt/install/px4_ros_com:/home/uuv/Development/rov-ros2/ws_desktop_qt/install/qt-uic-py:/opt/ros/humble LD_LIBRARY_PATH=/home/uuv/Development/rov-ros2/ws_desktop_qt/install/px4_msgs/lib:/home/uuv/Development/rov-ros2/ws_desktop_qt/install/px4_ros_com/lib:/opt/ros/humble/opt/rviz_ogre_vendor/lib:/opt/ros/humble/lib/x86_64-linux-gnu:/opt/ros/humble/lib:/snap/qtcreator-ros/116/lib:/snap/qtcreator-ros/116/usr/lib/x86_64-linux-gnu /usr/bin/cmake --build /home/uuv/Development/rov-ros2/ws_desktop_qt/build/desktop_qt -- -j8 -l8
