[0.012s] Invoking command in '/home/uuv/Development/rov-ros2/ws_desktop_qt/build/desktop_qt': CMAKE_PREFIX_PATH=${CMAKE_PREFIX_PATH}:/home/uuv/Development/rov-ros2/ws_desktop_qt/install/qt-uic-py:/opt/ros/humble /usr/bin/cmake --build /home/uuv/Development/rov-ros2/ws_desktop_qt/build/desktop_qt -- -j8 -l8
[0.046s] -- Found ament_cmake: 1.3.10 (/opt/ros/humble/share/ament_cmake/cmake)
[0.207s] -- Found rclcpp: 16.0.10 (/opt/ros/humble/share/rclcpp/cmake)
[0.247s] -- Found rosidl_generator_c: 3.1.5 (/opt/ros/humble/share/rosidl_generator_c/cmake)
[0.250s] -- Found rosidl_adapter: 3.1.5 (/opt/ros/humble/share/rosidl_adapter/cmake)
[0.257s] -- Found rosidl_generator_cpp: 3.1.5 (/opt/ros/humble/share/rosidl_generator_cpp/cmake)
[0.269s] -- Using all available rosidl_typesupport_c: rosidl_typesupport_fastrtps_c;rosidl_typesupport_introspection_c
[0.284s] -- Using all available rosidl_typesupport_cpp: rosidl_typesupport_fastrtps_cpp;rosidl_typesupport_introspection_cpp
[0.321s] -- Found rmw_implementation_cmake: 6.1.2 (/opt/ros/humble/share/rmw_implementation_cmake/cmake)
[0.322s] -- Found rmw_fastrtps_cpp: 6.2.7 (/opt/ros/humble/share/rmw_fastrtps_cpp/cmake)
[0.441s] -- Using RMW implementation 'rmw_fastrtps_cpp' as default
[0.499s] -- Found sensor_msgs: 4.2.4 (/opt/ros/humble/share/sensor_msgs/cmake)
[0.538s] -- Found px4_msgs: 2.0.1 (/home/uuv/Development/rov-ros2/ws_desktop_qt/install/px4_msgs/share/px4_msgs/cmake)
[0.561s] -- Found ament_lint_auto: 0.12.11 (/opt/ros/humble/share/ament_lint_auto/cmake)
[0.633s] -- Added test 'cppcheck' to perform static code analysis on C / C++ code
[0.633s] -- Configured cppcheck include dirs: 
[0.633s] -- Configured cppcheck exclude dirs and/or files: 
[0.634s] -- Added test 'lint_cmake' to check CMake code style
[0.636s] -- Added test 'uncrustify' to check C / C++ code style
[0.636s] -- Configured uncrustify additional arguments: 
[0.636s] -- Added test 'xmllint' to check XML markup files
[0.639s] -- Configuring done
[0.674s] -- Generating done
[0.679s] -- Build files have been written to: /home/uuv/Development/rov-ros2/ws_desktop_qt/build/desktop_qt
[0.717s] [ 16%] Automatic MOC and UIC for target qt_c_node
[0.744s] 
[0.744s] AutoUic subprocess error
[0.744s] ------------------------
[0.744s] The uic process failed to compile
[0.744s]   "SRC:/src/mainwindow.ui"
[0.744s] into
[0.744s]   "BIN:/qt_c_node_autogen/include/ui_mainwindow.h"
[0.744s] included by
[0.744s]   "SRC:/src/mainwindow.cpp"
[0.744s] 
[0.744s] Command
[0.744s] -------
[0.744s] /usr/lib/qt5/bin/uic -o /home/uuv/Development/rov-ros2/ws_desktop_qt/build/desktop_qt/qt_c_node_autogen/include/ui_mainwindow.h /home/uuv/Development/rov-ros2/ws_desktop_qt/src/desktop_qt/src/mainwindow.ui
[0.744s] 
[0.744s] Output
[0.744s] ------
[0.744s] /usr/lib/qt5/bin/uic: symbol lookup error: /snap/core20/current/lib/x86_64-linux-gnu/libpthread.so.0: undefined symbol: __libc_pthread_init, version GLIBC_PRIVATE
[0.744s] 
[0.936s] gmake[2]: *** [CMakeFiles/qt_c_node_autogen.dir/build.make:71: CMakeFiles/qt_c_node_autogen] Error 1
[0.936s] gmake[1]: *** [CMakeFiles/Makefile2:164: CMakeFiles/qt_c_node_autogen.dir/all] Error 2
[0.936s] gmake: *** [Makefile:146: all] Error 2
[0.938s] Invoked command in '/home/uuv/Development/rov-ros2/ws_desktop_qt/build/desktop_qt' returned '2': CMAKE_PREFIX_PATH=${CMAKE_PREFIX_PATH}:/home/uuv/Development/rov-ros2/ws_desktop_qt/install/qt-uic-py:/opt/ros/humble /usr/bin/cmake --build /home/uuv/Development/rov-ros2/ws_desktop_qt/build/desktop_qt -- -j8 -l8
