-- Found ament_cmake: 1.3.10 (/opt/ros/humble/share/ament_cmake/cmake)
-- Found rclcpp: 16.0.10 (/opt/ros/humble/share/rclcpp/cmake)
-- Found rosidl_generator_c: 3.1.5 (/opt/ros/humble/share/rosidl_generator_c/cmake)
-- Found rosidl_adapter: 3.1.5 (/opt/ros/humble/share/rosidl_adapter/cmake)
-- Found rosidl_generator_cpp: 3.1.5 (/opt/ros/humble/share/rosidl_generator_cpp/cmake)
-- Using all available rosidl_typesupport_c: rosidl_typesupport_fastrtps_c;rosidl_typesupport_introspection_c
-- Using all available rosidl_typesupport_cpp: rosidl_typesupport_fastrtps_cpp;rosidl_typesupport_introspection_cpp
-- Found rmw_implementation_cmake: 6.1.2 (/opt/ros/humble/share/rmw_implementation_cmake/cmake)
-- Found rmw_fastrtps_cpp: 6.2.7 (/opt/ros/humble/share/rmw_fastrtps_cpp/cmake)
-- Using RMW implementation 'rmw_fastrtps_cpp' as default
-- Found sensor_msgs: 4.2.4 (/opt/ros/humble/share/sensor_msgs/cmake)
-- Found px4_msgs: 2.0.1 (/home/uuv/Development/rov-ros2/ws_desktop_qt/install/px4_msgs/share/px4_msgs/cmake)
-- Found ament_lint_auto: 0.12.11 (/opt/ros/humble/share/ament_lint_auto/cmake)
-- Added test 'cppcheck' to perform static code analysis on C / C++ code
-- Configured cppcheck include dirs: 
-- Configured cppcheck exclude dirs and/or files: 
-- Added test 'lint_cmake' to check CMake code style
-- Added test 'uncrustify' to check C / C++ code style
-- Configured uncrustify additional arguments: 
-- Added test 'xmllint' to check XML markup files
-- Configuring done
-- Generating done
-- Build files have been written to: /home/uuv/Development/rov-ros2/ws_desktop_qt/build/desktop_qt
[ 20%] Automatic MOC and UIC for target qt_c_node
[ 20%] Built target qt_c_node_autogen
[ 80%] Building CXX object CMakeFiles/qt_c_node.dir/qt_c_node_autogen/mocs_compilation.cpp.o
[ 80%] Building CXX object CMakeFiles/qt_c_node.dir/src/main.cpp.o
[ 80%] Building CXX object CMakeFiles/qt_c_node.dir/src/ros_joy.cpp.o
/home/uuv/Development/rov-ros2/ws_desktop_qt/src/desktop_qt/src/main.cpp:1:10: fatal error: mainwindow.h: No such file or directory
    1 | #include "mainwindow.h"
      |          ^~~~~~~~~~~~~~
compilation terminated.
gmake[2]: *** [CMakeFiles/qt_c_node.dir/build.make:90: CMakeFiles/qt_c_node.dir/src/main.cpp.o] Error 1
gmake[2]: *** Waiting for unfinished jobs....
/home/uuv/Development/rov-ros2/ws_desktop_qt/src/desktop_qt/src/ros_joy.cpp:2:10: fatal error: mainwindow.h: No such file or directory
    2 | #include "mainwindow.h"
      |          ^~~~~~~~~~~~~~
compilation terminated.
gmake[2]: *** [CMakeFiles/qt_c_node.dir/build.make:104: CMakeFiles/qt_c_node.dir/src/ros_joy.cpp.o] Error 1
gmake[1]: *** [CMakeFiles/Makefile2:138: CMakeFiles/qt_c_node.dir/all] Error 2
gmake: *** [Makefile:146: all] Error 2
